0 info it worked if it ends with ok
1 verbose cli [ 'node', '/Users/blue-mtk/.nvm/v0.10.32/bin/npm', 'start' ]
2 info using npm@2.9.0
3 info using node@v0.10.28
4 verbose run-script [ 'prestart', 'start', 'poststart' ]
5 info prestart mindmine-project-api@0.0.1
6 info start mindmine-project-api@0.0.1
7 verbose unsafe-perm in lifecycle true
8 info mindmine-project-api@0.0.1 Failed to exec start script
9 verbose stack Error: mindmine-project-api@0.0.1 start: `node ./bin/www`
9 verbose stack Exit status 8
9 verbose stack     at EventEmitter.<anonymous> (/Users/blue-mtk/.nvm/v0.10.32/lib/node_modules/npm/lib/utils/lifecycle.js:213:16)
9 verbose stack     at EventEmitter.emit (events.js:98:17)
9 verbose stack     at ChildProcess.<anonymous> (/Users/blue-mtk/.nvm/v0.10.32/lib/node_modules/npm/lib/utils/spawn.js:24:14)
9 verbose stack     at ChildProcess.EventEmitter.emit (events.js:98:17)
9 verbose stack     at maybeClose (child_process.js:753:16)
9 verbose stack     at Process.ChildProcess._handle.onexit (child_process.js:820:5)
10 verbose pkgid mindmine-project-api@0.0.1
11 verbose cwd /Users/blue-mtk/mtk/mindmine-project-api
12 error Darwin 14.1.0
13 error argv "node" "/Users/blue-mtk/.nvm/v0.10.32/bin/npm" "start"
14 error node v0.10.28
15 error npm  v2.9.0
16 error code ELIFECYCLE
17 error mindmine-project-api@0.0.1 start: `node ./bin/www`
17 error Exit status 8
18 error Failed at the mindmine-project-api@0.0.1 start script 'node ./bin/www'.
18 error This is most likely a problem with the mindmine-project-api package,
18 error not with npm itself.
18 error Tell the author that this fails on your system:
18 error     node ./bin/www
18 error You can get their info via:
18 error     npm owner ls mindmine-project-api
18 error There is likely additional logging output above.
19 verbose exit [ 1, true ]
